<?xml version="1.0" encoding="UTF-8"?>
<!-- Generated by org.testng.reporters.JUnitReportReporter -->
<testsuite hostname="DDC5-L-2J9T5Q2" name="com.maven_22_nov.Hello_selenium99" tests="1" failures="0" timestamp="22 Nov 2019 09:47:18 GMT" time="20.050" errors="0">
  <testcase name="google_search" time="20.050" classname="com.maven_22_nov.Hello_selenium99"/>
</testsuite> <!-- com.maven_22_nov.Hello_selenium99 -->
